<?xml version="1.0" encoding="UTF-8" standalone="yes"?>
<ns2:test-suite start="1572794387143" stop="1572794430272" version="1.5.2" xmlns:ns2="urn:model.allure.qatools.yandex.ru">
    <name>Factorial test</name>
    <description type="text"></description>
    <test-cases>
        <test-case start="1572794387158" stop="1572794430270" status="broken">
            <name>I test enter button</name>
            <title>I test enter button</title>
            <description type="text"></description>
            <failure>
                <message>TimeoutException: Expected condition failed: waiting for presence of element located by: By.partialLinkText: Termsxxx and Conditions (tried for 30 second(s) with 500 milliseconds interval)</message>
                <stack-trace>org.openqa.selenium.TimeoutException: Expected condition failed: waiting for presence of element located by: By.partialLinkText: Termsxxx and Conditions (tried for 30 second(s) with 500 milliseconds interval)
	at org.openqa.selenium.support.ui.WebDriverWait.timeoutException(WebDriverWait.java:81)
	at org.openqa.selenium.support.ui.FluentWait.until(FluentWait.java:271)
	at info.seleniumcucumber.methods.AssertionMethods.isElementDisplayed(AssertionMethods.java:223)
	at info.seleniumcucumber.methods.AssertionMethods.checkElementPresence(AssertionMethods.java:239)
	at info.seleniumcucumber.stepdefinitions.PredefinedStepDefinitions.check_partial_element_presence(PredefinedStepDefinitions.java:277)
	at âœ½.Then link having partial text "Termsxxx and Conditions" should be present(features/testFactorial.feature:60)
Caused by: org.openqa.selenium.NoSuchElementException: Cannot locate an element using By.partialLinkText: Termsxxx and Conditions
For documentation on this error, please visit: http://seleniumhq.org/exceptions/no_such_element.html
Build info: version: '3.12.0', revision: '7c6e0b3', time: '2018-05-08T14:04:26.12Z'
System info: host: 'shammika-HP-ProBook-450-G4', ip: '127.0.1.1', os.name: 'Linux', os.arch: 'amd64', os.version: '4.15.0-65-generic', java.version: '1.8.0_222'
Driver info: driver.version: unknown
	at org.openqa.selenium.support.ui.ExpectedConditions.lambda$findElement$0(ExpectedConditions.java:896)
	at java.util.Optional.orElseThrow(Optional.java:290)
	at org.openqa.selenium.support.ui.ExpectedConditions.findElement(ExpectedConditions.java:895)
	at org.openqa.selenium.support.ui.ExpectedConditions.access$000(ExpectedConditions.java:44)
	at org.openqa.selenium.support.ui.ExpectedConditions$6.apply(ExpectedConditions.java:183)
	at org.openqa.selenium.support.ui.ExpectedConditions$6.apply(ExpectedConditions.java:180)
	at org.openqa.selenium.support.ui.FluentWait.until(FluentWait.java:248)
	at info.seleniumcucumber.methods.AssertionMethods.isElementDisplayed(AssertionMethods.java:223)
	at info.seleniumcucumber.methods.AssertionMethods.checkElementPresence(AssertionMethods.java:239)
	at info.seleniumcucumber.stepdefinitions.PredefinedStepDefinitions.check_partial_element_presence(PredefinedStepDefinitions.java:277)
	at sun.reflect.NativeMethodAccessorImpl.invoke0(Native Method)
	at sun.reflect.NativeMethodAccessorImpl.invoke(NativeMethodAccessorImpl.java:62)
	at sun.reflect.DelegatingMethodAccessorImpl.invoke(DelegatingMethodAccessorImpl.java:43)
	at java.lang.reflect.Method.invoke(Method.java:498)
	at cucumber.runtime.Utils$1.call(Utils.java:40)
	at cucumber.runtime.Timeout.timeout(Timeout.java:16)
	at cucumber.runtime.Utils.invoke(Utils.java:34)
	at cucumber.runtime.java.JavaStepDefinition.execute(JavaStepDefinition.java:38)
	at cucumber.runtime.StepDefinitionMatch.runStep(StepDefinitionMatch.java:37)
	at cucumber.runtime.Runtime.runStep(Runtime.java:300)
	at cucumber.runtime.model.StepContainer.runStep(StepContainer.java:44)
	at cucumber.runtime.model.StepContainer.runSteps(StepContainer.java:39)
	at cucumber.runtime.model.CucumberScenario.run(CucumberScenario.java:44)
	at cucumber.runtime.junit.ExecutionUnitRunner.run(ExecutionUnitRunner.java:102)
	at cucumber.runtime.junit.FeatureRunner.runChild(FeatureRunner.java:63)
	at cucumber.runtime.junit.FeatureRunner.runChild(FeatureRunner.java:18)
	at org.junit.runners.ParentRunner$3.run(ParentRunner.java:290)
	at org.junit.runners.ParentRunner$1.schedule(ParentRunner.java:71)
	at org.junit.runners.ParentRunner.runChildren(ParentRunner.java:288)
	at org.junit.runners.ParentRunner.access$000(ParentRunner.java:58)
	at org.junit.runners.ParentRunner$2.evaluate(ParentRunner.java:268)
	at org.junit.runners.ParentRunner.run(ParentRunner.java:363)
	at cucumber.runtime.junit.FeatureRunner.run(FeatureRunner.java:70)
	at cucumber.api.junit.Cucumber.runChild(Cucumber.java:95)
	at cucumber.api.junit.Cucumber.runChild(Cucumber.java:38)
	at org.junit.runners.ParentRunner$3.run(ParentRunner.java:290)
	at org.junit.runners.ParentRunner$1.schedule(ParentRunner.java:71)
	at org.junit.runners.ParentRunner.runChildren(ParentRunner.java:288)
	at org.junit.runners.ParentRunner.access$000(ParentRunner.java:58)
	at org.junit.runners.ParentRunner$2.evaluate(ParentRunner.java:268)
	at org.junit.runners.ParentRunner.run(ParentRunner.java:363)
	at cucumber.api.junit.Cucumber.run(Cucumber.java:100)
	at org.apache.maven.surefire.junit4.JUnit4Provider.execute(JUnit4Provider.java:365)
	at org.apache.maven.surefire.junit4.JUnit4Provider.executeWithRerun(JUnit4Provider.java:273)
	at org.apache.maven.surefire.junit4.JUnit4Provider.executeTestSet(JUnit4Provider.java:238)
	at org.apache.maven.surefire.junit4.JUnit4Provider.invoke(JUnit4Provider.java:159)
	at org.apache.maven.surefire.booter.ForkedBooter.invokeProviderInSameClassLoader(ForkedBooter.java:379)
	at org.apache.maven.surefire.booter.ForkedBooter.runSuitesInProcess(ForkedBooter.java:340)
	at org.apache.maven.surefire.booter.ForkedBooter.execute(ForkedBooter.java:125)
	at org.apache.maven.surefire.booter.ForkedBooter.main(ForkedBooter.java:413)
</stack-trace>
            </failure>
            <steps>
                <step start="1572794387163" stop="1572794399743" status="passed">
                    <name>Given I navigate to "http://qainterview.pythonanywhere.com/"</name>
                    <title>Given I navigate to "http://qainterview.pythonanywhere.com/"</title>
                </step>
                <step start="1572794399745" stop="1572794430151" status="broken">
                    <name>Then link having partial text "Termsxxx and Conditions" should be present</name>
                    <title>Then link having partial text "Termsxxx and Conditions" should be present</title>
                </step>
            </steps>
            <attachments/>
            <labels>
                <label name="story" value="I test enter button"/>
                <label name="feature" value="Factorial test"/>
                <label name="host" value="shammika-HP-ProBook-450-G4"/>
                <label name="thread" value="31508@shammika-HP-ProBook-450-G4.main(1)"/>
                <label name="framework" value="CucumberJVM"/>
            </labels>
        </test-case>
    </test-cases>
    <labels>
        <label name="feature" value="Factorial test"/>
        <label name="language" value="JAVA"/>
    </labels>
</ns2:test-suite>
