<?xml version="1.0" encoding="UTF-8" standalone="yes"?>
<ns2:test-suite start="1572795992913" stop="1572796012727" version="1.5.2" xmlns:ns2="urn:model.allure.qatools.yandex.ru">
    <name>Factorial test</name>
    <description type="text"></description>
    <test-cases>
        <test-case start="1572795992929" stop="1572796005823" status="broken">
            <name>I verify page link of "Terms and Conditions"</name>
            <title>I verify page link of "Terms and Conditions"</title>
            <description type="text"></description>
            <failure>
                <message>TestCaseFailed: Page Title Not Matched, Actual Page Title : </message>
                <stack-trace>info.seleniumcucumber.methods.TestCaseFailed: Page Title Not Matched, Actual Page Title : 
	at info.seleniumcucumber.methods.AssertionMethods.checkTitle(AssertionMethods.java:39)
	at info.seleniumcucumber.stepdefinitions.PredefinedStepDefinitions.check_title(PredefinedStepDefinitions.java:179)
	at ✽.Then I should see page title as "http://qainterview.pythonanywhere.com/terms"(features/testFactorial.feature:63)
</stack-trace>
            </failure>
            <steps>
                <step start="1572795992934" stop="1572796005039" status="passed">
                    <name>Given I navigate to "http://qainterview.pythonanywhere.com/"</name>
                    <title>Given I navigate to "http://qainterview.pythonanywhere.com/"</title>
                </step>
                <step start="1572796005042" stop="1572796005157" status="passed">
                    <name>Then link having partial text "Terms and Conditions" should be present</name>
                    <title>Then link having partial text "Terms and Conditions" should be present</title>
                </step>
                <step start="1572796005157" stop="1572796005763" status="passed">
                    <name>Then I click on link having partial text "Terms and Conditions"</name>
                    <title>Then I click on link having partial text "Terms and Conditions"</title>
                </step>
                <step start="1572796005763" stop="1572796005786" status="broken">
                    <name>Then I should see page title as "http://qainterview.pythonanywhere.com/terms"</name>
                    <title>Then I should see page title as "http://qainterview.pythonanywhere.com/terms"</title>
                </step>
            </steps>
            <attachments/>
            <labels>
                <label name="story" value="I verify page link of &quot;Terms and Conditions&quot;"/>
                <label name="feature" value="Factorial test"/>
                <label name="host" value="shammika-HP-ProBook-450-G4"/>
                <label name="thread" value="2255@shammika-HP-ProBook-450-G4.main(1)"/>
                <label name="framework" value="CucumberJVM"/>
            </labels>
        </test-case>
        <test-case start="1572796005824" stop="1572796006893" status="broken">
            <name>I verify page link of "Privacy"</name>
            <title>I verify page link of "Privacy"</title>
            <description type="text"></description>
            <failure>
                <message>TestCaseFailed: Page Title Not Matched, Actual Page Title : </message>
                <stack-trace>info.seleniumcucumber.methods.TestCaseFailed: Page Title Not Matched, Actual Page Title : 
	at info.seleniumcucumber.methods.AssertionMethods.checkTitle(AssertionMethods.java:39)
	at info.seleniumcucumber.stepdefinitions.PredefinedStepDefinitions.check_title(PredefinedStepDefinitions.java:179)
	at ✽.Then I should see page title as "qainterview.pythonanywhere.com/privacy"(features/testFactorial.feature:73)
</stack-trace>
            </failure>
            <steps>
                <step start="1572796005824" stop="1572796006463" status="passed">
                    <name>Given I navigate to "http://qainterview.pythonanywhere.com/"</name>
                    <title>Given I navigate to "http://qainterview.pythonanywhere.com/"</title>
                </step>
                <step start="1572796006463" stop="1572796006497" status="passed">
                    <name>Then link having partial text "Privacy" should be present</name>
                    <title>Then link having partial text "Privacy" should be present</title>
                </step>
                <step start="1572796006498" stop="1572796006871" status="passed">
                    <name>Then I click on link having partial text "Privacy"</name>
                    <title>Then I click on link having partial text "Privacy"</title>
                </step>
                <step start="1572796006871" stop="1572796006881" status="broken">
                    <name>Then I should see page title as "qainterview.pythonanywhere.com/privacy"</name>
                    <title>Then I should see page title as "qainterview.pythonanywhere.com/privacy"</title>
                </step>
            </steps>
            <attachments/>
            <labels>
                <label name="story" value="I verify page link of &quot;Privacy&quot;"/>
                <label name="feature" value="Factorial test"/>
                <label name="host" value="shammika-HP-ProBook-450-G4"/>
                <label name="thread" value="2255@shammika-HP-ProBook-450-G4.main(1)"/>
                <label name="framework" value="CucumberJVM"/>
            </labels>
        </test-case>
        <test-case start="1572796006894" stop="1572796012655" status="passed">
            <name>I verify page link of "Qxf2 Services"</name>
            <title>I verify page link of "Qxf2 Services"</title>
            <description type="text"></description>
            <steps>
                <step start="1572796006894" stop="1572796007405" status="passed">
                    <name>Given I navigate to "http://qainterview.pythonanywhere.com/"</name>
                    <title>Given I navigate to "http://qainterview.pythonanywhere.com/"</title>
                    <attachments/>
                    <steps/>
                </step>
                <step start="1572796007407" stop="1572796007451" status="passed">
                    <name>Then link having partial text "Qxf2 Services" should be present</name>
                    <title>Then link having partial text "Qxf2 Services" should be present</title>
                    <attachments/>
                    <steps/>
                </step>
                <step start="1572796007451" stop="1572796012613" status="passed">
                    <name>Then I click on link having partial text "Qxf2 Services"</name>
                    <title>Then I click on link having partial text "Qxf2 Services"</title>
                    <attachments/>
                    <steps/>
                </step>
                <step start="1572796012614" stop="1572796012653" status="passed">
                    <name>Then I should see page title as "Qxf2 Services: Outsourced Software QA for startups"</name>
                    <title>Then I should see page title as "Qxf2 Services: Outsourced Software QA for startups"</title>
                    <attachments/>
                    <steps/>
                </step>
            </steps>
            <attachments/>
            <labels>
                <label name="story" value="I verify page link of &quot;Qxf2 Services&quot;"/>
                <label name="feature" value="Factorial test"/>
                <label name="host" value="shammika-HP-ProBook-450-G4"/>
                <label name="thread" value="2255@shammika-HP-ProBook-450-G4.main(1)"/>
                <label name="framework" value="CucumberJVM"/>
            </labels>
        </test-case>
    </test-cases>
    <labels>
        <label name="feature" value="Factorial test"/>
        <label name="language" value="JAVA"/>
    </labels>
</ns2:test-suite>
